{"uid":"155db258138a2963","name":"Restore Sleep Supplement nightly -- @1.2 ","fullName":"Nightly tests: Restore Sleep Supplement nightly","historyId":"db09b038dacc41019f34cddf958906b1","time":{"start":1759081739393,"stop":1759081746638,"duration":7245},"status":"failed","statusMessage":"AssertionError: Locator.select_option: Error: Element is not a <select> element\nCall log:\nwaiting for locator(\"//*[@id='form-country']\")\n  -   locator resolved to <input type=\"text\" class=\"field\" id=\"form-country\" data-id=\"form-country\" placeholder=\"Country*\" unique-id=\"form-country-1\" data-parsley-required=\"true\" unique-identifier=\"form-country-1\" data-parsley-group=\"paypalRequired\"/>\n  - attempting select option action\n  -   waiting for element to be visible and enabled\n\n","statusTrace":"  File \"/opt/hostedtoolcache/Python/3.9.23/x64/lib/python3.9/site-packages/behave/model.py\", line 1329, in run\n    match.run(runner.context)\n  File \"/opt/hostedtoolcache/Python/3.9.23/x64/lib/python3.9/site-packages/behave/matchers.py\", line 98, in run\n    self.func(context, *args, **kwargs)\n  File \"/home/runner/work/automation-testing-framework/automation-testing-framework/common_functions/custom_step_decorator.py\", line 10, in inner\n    raise AssertionError(e)\n","flaky":true,"newFailed":true,"newBroken":false,"newPassed":false,"retriesCount":0,"retriesStatusChange":false,"beforeStages":[],"testStage":{"status":"failed","statusMessage":"AssertionError: Locator.select_option: Error: Element is not a <select> element\nCall log:\nwaiting for locator(\"//*[@id='form-country']\")\n  -   locator resolved to <input type=\"text\" class=\"field\" id=\"form-country\" data-id=\"form-country\" placeholder=\"Country*\" unique-id=\"form-country-1\" data-parsley-required=\"true\" unique-identifier=\"form-country-1\" data-parsley-group=\"paypalRequired\"/>\n  - attempting select option action\n  -   waiting for element to be visible and enabled\n\n","statusTrace":"  File \"/opt/hostedtoolcache/Python/3.9.23/x64/lib/python3.9/site-packages/behave/model.py\", line 1329, in run\n    match.run(runner.context)\n  File \"/opt/hostedtoolcache/Python/3.9.23/x64/lib/python3.9/site-packages/behave/matchers.py\", line 98, in run\n    self.func(context, *args, **kwargs)\n  File \"/home/runner/work/automation-testing-framework/automation-testing-framework/common_functions/custom_step_decorator.py\", line 10, in inner\n    raise AssertionError(e)\n","steps":[{"name":"Given user select to buy \"1\" bottles in \"Restore Sleep\" Supplements page","time":{"start":1759081739442,"stop":1759081746608,"duration":7166},"status":"failed","statusMessage":"AssertionError: Locator.select_option: Error: Element is not a <select> element\nCall log:\nwaiting for locator(\"//*[@id='form-country']\")\n  -   locator resolved to <input type=\"text\" class=\"field\" id=\"form-country\" data-id=\"form-country\" placeholder=\"Country*\" unique-id=\"form-country-1\" data-parsley-required=\"true\" unique-identifier=\"form-country-1\" data-parsley-group=\"paypalRequired\"/>\n  - attempting select option action\n  -   waiting for element to be visible and enabled\n\n","statusTrace":"  File \"/opt/hostedtoolcache/Python/3.9.23/x64/lib/python3.9/site-packages/behave/model.py\", line 1329, in run\n    match.run(runner.context)\n  File \"/opt/hostedtoolcache/Python/3.9.23/x64/lib/python3.9/site-packages/behave/matchers.py\", line 98, in run\n    self.func(context, *args, **kwargs)\n  File \"/home/runner/work/automation-testing-framework/automation-testing-framework/common_functions/custom_step_decorator.py\", line 10, in inner\n    raise AssertionError(e)\n","steps":[],"attachments":[{"uid":"f8543147dfcc616e","name":"screenshot","source":"f8543147dfcc616e.png","type":"image/png","size":115320},{"uid":"c29f6278edb5b05c","name":"stdout","source":"c29f6278edb5b05c.txt","type":"text/plain","size":1521}],"parameters":[],"shouldDisplayMessage":true,"stepsCount":0,"attachmentsCount":2,"hasContent":true},{"name":"When user makes following decision in \"first\" supplement \"6 More bottles of Restore Sleep\" Upsell page","time":{"start":1759081746638,"stop":1759081746638,"duration":0},"status":"skipped","steps":[],"attachments":[{"uid":"4e1ca7b0f296d6b3","name":".table","source":"4e1ca7b0f296d6b3.csv","type":"text/csv","size":35}],"parameters":[],"shouldDisplayMessage":false,"stepsCount":0,"attachmentsCount":1,"hasContent":true},{"name":"And user makes following decision in \"second\" supplement \"Restore Life\" Upsell page","time":{"start":1759081746638,"stop":1759081746638,"duration":0},"status":"skipped","steps":[],"attachments":[{"uid":"b632fcb34f72efe8","name":".table","source":"b632fcb34f72efe8.csv","type":"text/csv","size":35}],"parameters":[],"shouldDisplayMessage":false,"stepsCount":0,"attachmentsCount":1,"hasContent":true},{"name":"And user makes following decision in \"third\" supplement \"Restore Detox\" Upsell page","time":{"start":1759081746638,"stop":1759081746638,"duration":0},"status":"skipped","steps":[],"attachments":[{"uid":"ab7058b27bb85047","name":".table","source":"ab7058b27bb85047.csv","type":"text/csv","size":33}],"parameters":[],"shouldDisplayMessage":false,"stepsCount":0,"attachmentsCount":1,"hasContent":true},{"name":"And user makes following decision in 7 day free membership","time":{"start":1759081746638,"stop":1759081746638,"duration":0},"status":"skipped","steps":[],"attachments":[{"uid":"ff058dd177a4d9ec","name":".table","source":"ff058dd177a4d9ec.csv","type":"text/csv","size":28}],"parameters":[],"shouldDisplayMessage":false,"stepsCount":0,"attachmentsCount":1,"hasContent":true},{"name":"Then user complete registration","time":{"start":1759081746638,"stop":1759081746638,"duration":0},"status":"skipped","steps":[],"attachments":[],"parameters":[],"shouldDisplayMessage":false,"stepsCount":0,"attachmentsCount":0,"hasContent":false}],"attachments":[{"uid":"5f894e6b4980516e","name":"Test Video","source":"5f894e6b4980516e.webm","type":"video/webm","size":225078}],"parameters":[],"shouldDisplayMessage":false,"stepsCount":6,"attachmentsCount":7,"hasContent":true},"afterStages":[],"labels":[{"name":"severity","value":"normal"},{"name":"tag","value":"nightly"},{"name":"tag","value":"nightly_supplement"},{"name":"feature","value":"Nightly tests"},{"name":"framework","value":"behave"},{"name":"language","value":"cpython3"},{"name":"resultFormat","value":"allure2"}],"parameters":[{"name":"bottles","value":"1"},{"name":"dt_last_chance","value":"best_value"},{"name":"dt_upgrade","value":"no"},{"name":"lf_last_chance","value":"most_popular"},{"name":"lf_upgrade","value":"no"},{"name":"memb_decision","value":"accept"},{"name":"memb_plan","value":"monthly"},{"name":"sl_last_chance","value":"most_popular"},{"name":"sl_upgrade","value":"no"}],"links":[],"hidden":false,"retry":false,"extra":{"severity":"normal","retries":[],"categories":[{"name":"Product defects","matchedStatuses":[],"flaky":false}],"history":{"statistic":{"failed":9,"broken":1,"skipped":0,"passed":15,"unknown":0,"total":25},"items":[{"uid":"c21aef66789f6cb7","reportUrl":"https://zoniadev.github.io/automation-testing-framework/354//#testresult/c21aef66789f6cb7","status":"passed","time":{"start":1759013544611,"stop":1759013694791,"duration":150180}},{"uid":"457e717aca93a88a","reportUrl":"https://zoniadev.github.io/automation-testing-framework/353//#testresult/457e717aca93a88a","status":"passed","time":{"start":1758927265165,"stop":1758927415956,"duration":150791}},{"uid":"81d4530c23592f6c","reportUrl":"https://zoniadev.github.io/automation-testing-framework/517//#testresult/81d4530c23592f6c","status":"failed","statusDetails":"AssertionError: Locator.select_option: Error: Element is not a <select> element\nCall log:\nwaiting for locator(\"//*[@id='form-country']\")\n  -   locator resolved to <input type=\"text\" class=\"field\" id=\"form-country\" data-id=\"form-country\" placeholder=\"Country*\" unique-id=\"form-country-1\" data-parsley-required=\"true\" unique-identifier=\"form-country-1\" data-parsley-group=\"paypalRequired\"/>\n  - attempting select option action\n  -   waiting for element to be visible and enabled\n\n","time":{"start":1758882344773,"stop":1758882351806,"duration":7033}},{"uid":"18b3ab47c89f3fad","reportUrl":"https://zoniadev.github.io/automation-testing-framework/516//#testresult/18b3ab47c89f3fad","status":"broken","statusDetails":"playwright._impl._errors.Error: Locator.select_option: Error: Element is not a <select> element\nCall log:\nwaiting for locator(\"//*[@id='form-country']\")\n  -   locator resolved to <input type=\"text\" class=\"field\" id=\"form-country\" data-id=\"form-country\" placeholder=\"Country*\" unique-id=\"form-country-1\" data-parsley-required=\"true\" unique-identifier=\"form-country-1\" data-parsley-group=\"paypalRequired\"/>\n  - attempting select option action\n  -   waiting for element to be visible and enabled\n\n","time":{"start":1758875422231,"stop":1758875428317,"duration":6086}},{"uid":"85105d86fe47288a","reportUrl":"https://zoniadev.github.io/automation-testing-framework/352//#testresult/85105d86fe47288a","status":"passed","time":{"start":1758840853326,"stop":1758841004025,"duration":150699}},{"uid":"ba76825c6f5d7ae4","reportUrl":"https://zoniadev.github.io/automation-testing-framework/513//#testresult/ba76825c6f5d7ae4","status":"passed","time":{"start":1758781093439,"stop":1758781244755,"duration":151316}},{"uid":"d4dafba9969548ce","reportUrl":"https://zoniadev.github.io/automation-testing-framework/351//#testresult/d4dafba9969548ce","status":"failed","statusDetails":"AssertionError: Locator.scroll_into_view_if_needed: Timeout 30000ms exceeded.\nCall log:\nwaiting for locator(\"//button[@class='skip-login']\")\n\n","time":{"start":1758755297518,"stop":1758755466232,"duration":168714}},{"uid":"14db8c85c99ea127","reportUrl":"https://zoniadev.github.io/automation-testing-framework/350//#testresult/14db8c85c99ea127","status":"failed","statusDetails":"AssertionError: Locator.scroll_into_view_if_needed: Timeout 30000ms exceeded.\nCall log:\nwaiting for locator(\"//button[@class='skip-login']\")\n\n","time":{"start":1758668893647,"stop":1758669063436,"duration":169789}},{"uid":"49ba0b20fd9044ff","reportUrl":"https://zoniadev.github.io/automation-testing-framework/349//#testresult/49ba0b20fd9044ff","status":"failed","statusDetails":"AssertionError: Locator.scroll_into_view_if_needed: Timeout 30000ms exceeded.\nCall log:\nwaiting for locator(\"//button[@class='skip-login']\")\n\n","time":{"start":1758581958529,"stop":1758582127810,"duration":169281}},{"uid":"5244d067f700220f","reportUrl":"https://zoniadev.github.io/automation-testing-framework/348//#testresult/5244d067f700220f","status":"failed","statusDetails":"AssertionError: Locator.scroll_into_view_if_needed: Timeout 30000ms exceeded.\nCall log:\nwaiting for locator(\"//button[@class='skip-login']\")\n\n","time":{"start":1758496088899,"stop":1758496259169,"duration":170270}},{"uid":"51e8db1a8528d0ce","reportUrl":"https://zoniadev.github.io/automation-testing-framework/347//#testresult/51e8db1a8528d0ce","status":"failed","statusDetails":"AssertionError: Locator.scroll_into_view_if_needed: Timeout 30000ms exceeded.\nCall log:\nwaiting for locator(\"//button[@class='skip-login']\")\n\n","time":{"start":1758409535091,"stop":1758409705827,"duration":170736}},{"uid":"669c370def7cfdd7","reportUrl":"https://zoniadev.github.io/automation-testing-framework/346//#testresult/669c370def7cfdd7","status":"failed","statusDetails":"AssertionError: Locator.scroll_into_view_if_needed: Timeout 30000ms exceeded.\nCall log:\nwaiting for locator(\"//button[@class='skip-login']\")\n\n","time":{"start":1758323244065,"stop":1758323413923,"duration":169858}},{"uid":"3469b9ee879b3c3","reportUrl":"https://zoniadev.github.io/automation-testing-framework/345//#testresult/3469b9ee879b3c3","status":"failed","statusDetails":"AssertionError: Locator.scroll_into_view_if_needed: Timeout 30000ms exceeded.\nCall log:\nwaiting for locator(\"//button[@class='skip-login']\")\n\n","time":{"start":1758236978736,"stop":1758237150511,"duration":171775}},{"uid":"6123b6d26611d34","reportUrl":"https://zoniadev.github.io/automation-testing-framework/344//#testresult/6123b6d26611d34","status":"passed","time":{"start":1758149432686,"stop":1758149598049,"duration":165363}},{"uid":"498ed330f60fbc2b","reportUrl":"https://zoniadev.github.io/automation-testing-framework/343//#testresult/498ed330f60fbc2b","status":"passed","time":{"start":1758063171008,"stop":1758063327950,"duration":156942}},{"uid":"2ea8b09a7736864b","reportUrl":"https://zoniadev.github.io/automation-testing-framework/342//#testresult/2ea8b09a7736864b","status":"passed","time":{"start":1757976801771,"stop":1757976954173,"duration":152402}},{"uid":"fa70be7a800256f3","reportUrl":"https://zoniadev.github.io/automation-testing-framework/341//#testresult/fa70be7a800256f3","status":"passed","time":{"start":1757890381717,"stop":1757890533700,"duration":151983}},{"uid":"19a87ca4043f005d","reportUrl":"https://zoniadev.github.io/automation-testing-framework/340//#testresult/19a87ca4043f005d","status":"passed","time":{"start":1757803947895,"stop":1757804101402,"duration":153507}},{"uid":"3af8ce924c50cfa2","reportUrl":"https://zoniadev.github.io/automation-testing-framework/339//#testresult/3af8ce924c50cfa2","status":"passed","time":{"start":1757717594429,"stop":1757717749569,"duration":155140}},{"uid":"cb86fec464c15356","reportUrl":"https://zoniadev.github.io/automation-testing-framework/506//#testresult/cb86fec464c15356","status":"passed","time":{"start":1757664349734,"stop":1757664504733,"duration":154999}}]},"tags":["nightly","nightly_supplement"]},"source":"155db258138a2963.json","parameterValues":["1","best_value","no","most_popular","no","accept","monthly","most_popular","no"]}