{"uid":"44ba85b632b4229f","name":"Restore Sleep Supplement nightly -- @1.1 ","fullName":"Nightly tests: Restore Sleep Supplement nightly","historyId":"daa86d697adf4cf1407595dbe1b83bcf","time":{"start":1759081732483,"stop":1759081739392,"duration":6909},"status":"failed","statusMessage":"AssertionError: Locator.select_option: Error: Element is not a <select> element\nCall log:\nwaiting for locator(\"//*[@id='form-country']\")\n  -   locator resolved to <input type=\"text\" class=\"field\" id=\"form-country\" data-id=\"form-country\" placeholder=\"Country*\" unique-id=\"form-country-1\" data-parsley-required=\"true\" unique-identifier=\"form-country-1\" data-parsley-group=\"paypalRequired\"/>\n  - attempting select option action\n  -   waiting for element to be visible and enabled\n\n","statusTrace":"  File \"/opt/hostedtoolcache/Python/3.9.23/x64/lib/python3.9/site-packages/behave/model.py\", line 1329, in run\n    match.run(runner.context)\n  File \"/opt/hostedtoolcache/Python/3.9.23/x64/lib/python3.9/site-packages/behave/matchers.py\", line 98, in run\n    self.func(context, *args, **kwargs)\n  File \"/home/runner/work/automation-testing-framework/automation-testing-framework/common_functions/custom_step_decorator.py\", line 10, in inner\n    raise AssertionError(e)\n","flaky":true,"newFailed":true,"newBroken":false,"newPassed":false,"retriesCount":0,"retriesStatusChange":false,"beforeStages":[],"testStage":{"status":"failed","statusMessage":"AssertionError: Locator.select_option: Error: Element is not a <select> element\nCall log:\nwaiting for locator(\"//*[@id='form-country']\")\n  -   locator resolved to <input type=\"text\" class=\"field\" id=\"form-country\" data-id=\"form-country\" placeholder=\"Country*\" unique-id=\"form-country-1\" data-parsley-required=\"true\" unique-identifier=\"form-country-1\" data-parsley-group=\"paypalRequired\"/>\n  - attempting select option action\n  -   waiting for element to be visible and enabled\n\n","statusTrace":"  File \"/opt/hostedtoolcache/Python/3.9.23/x64/lib/python3.9/site-packages/behave/model.py\", line 1329, in run\n    match.run(runner.context)\n  File \"/opt/hostedtoolcache/Python/3.9.23/x64/lib/python3.9/site-packages/behave/matchers.py\", line 98, in run\n    self.func(context, *args, **kwargs)\n  File \"/home/runner/work/automation-testing-framework/automation-testing-framework/common_functions/custom_step_decorator.py\", line 10, in inner\n    raise AssertionError(e)\n","steps":[{"name":"Given user select to buy \"1\" bottles in \"Restore Sleep\" Supplements page","time":{"start":1759081732519,"stop":1759081739362,"duration":6843},"status":"failed","statusMessage":"AssertionError: Locator.select_option: Error: Element is not a <select> element\nCall log:\nwaiting for locator(\"//*[@id='form-country']\")\n  -   locator resolved to <input type=\"text\" class=\"field\" id=\"form-country\" data-id=\"form-country\" placeholder=\"Country*\" unique-id=\"form-country-1\" data-parsley-required=\"true\" unique-identifier=\"form-country-1\" data-parsley-group=\"paypalRequired\"/>\n  - attempting select option action\n  -   waiting for element to be visible and enabled\n\n","statusTrace":"  File \"/opt/hostedtoolcache/Python/3.9.23/x64/lib/python3.9/site-packages/behave/model.py\", line 1329, in run\n    match.run(runner.context)\n  File \"/opt/hostedtoolcache/Python/3.9.23/x64/lib/python3.9/site-packages/behave/matchers.py\", line 98, in run\n    self.func(context, *args, **kwargs)\n  File \"/home/runner/work/automation-testing-framework/automation-testing-framework/common_functions/custom_step_decorator.py\", line 10, in inner\n    raise AssertionError(e)\n","steps":[],"attachments":[{"uid":"4db655d5bdce15c","name":"screenshot","source":"4db655d5bdce15c.png","type":"image/png","size":124446},{"uid":"9a17bd1218db5f20","name":"stdout","source":"9a17bd1218db5f20.txt","type":"text/plain","size":1448}],"parameters":[],"shouldDisplayMessage":true,"stepsCount":0,"attachmentsCount":2,"hasContent":true},{"name":"When user makes following decision in \"first\" supplement \"6 More bottles of Restore Sleep\" Upsell page","time":{"start":1759081739391,"stop":1759081739391,"duration":0},"status":"skipped","steps":[],"attachments":[{"uid":"6923151f2226212b","name":".table","source":"6923151f2226212b.csv","type":"text/csv","size":25}],"parameters":[],"shouldDisplayMessage":false,"stepsCount":0,"attachmentsCount":1,"hasContent":true},{"name":"And user makes following decision in \"second\" supplement \"Restore Life\" Upsell page","time":{"start":1759081739391,"stop":1759081739392,"duration":1},"status":"skipped","steps":[],"attachments":[{"uid":"f446b92631a6994e","name":".table","source":"f446b92631a6994e.csv","type":"text/csv","size":25}],"parameters":[],"shouldDisplayMessage":false,"stepsCount":0,"attachmentsCount":1,"hasContent":true},{"name":"And user makes following decision in \"third\" supplement \"Restore Detox\" Upsell page","time":{"start":1759081739392,"stop":1759081739392,"duration":0},"status":"skipped","steps":[],"attachments":[{"uid":"4984d4e17da1c02d","name":".table","source":"4984d4e17da1c02d.csv","type":"text/csv","size":25}],"parameters":[],"shouldDisplayMessage":false,"stepsCount":0,"attachmentsCount":1,"hasContent":true},{"name":"And user makes following decision in 7 day free membership","time":{"start":1759081739392,"stop":1759081739392,"duration":0},"status":"skipped","steps":[],"attachments":[{"uid":"a4a663aa9cb9a2dc","name":".table","source":"a4a663aa9cb9a2dc.csv","type":"text/csv","size":24}],"parameters":[],"shouldDisplayMessage":false,"stepsCount":0,"attachmentsCount":1,"hasContent":true},{"name":"Then user complete registration","time":{"start":1759081739392,"stop":1759081739392,"duration":0},"status":"skipped","steps":[],"attachments":[],"parameters":[],"shouldDisplayMessage":false,"stepsCount":0,"attachmentsCount":0,"hasContent":false}],"attachments":[{"uid":"5eb16aeafdc3285a","name":"Test Video","source":"5eb16aeafdc3285a.webm","type":"video/webm","size":236585}],"parameters":[],"shouldDisplayMessage":false,"stepsCount":6,"attachmentsCount":7,"hasContent":true},"afterStages":[],"labels":[{"name":"severity","value":"normal"},{"name":"tag","value":"nightly"},{"name":"tag","value":"nightly_supplement"},{"name":"feature","value":"Nightly tests"},{"name":"framework","value":"behave"},{"name":"language","value":"cpython3"},{"name":"resultFormat","value":"allure2"}],"parameters":[{"name":"bottles","value":"1"},{"name":"dt_last_chance","value":"no"},{"name":"dt_upgrade","value":"no"},{"name":"lf_last_chance","value":"no"},{"name":"lf_upgrade","value":"no"},{"name":"memb_decision","value":"decline"},{"name":"memb_plan","value":"no"},{"name":"sl_last_chance","value":"no"},{"name":"sl_upgrade","value":"no"}],"links":[],"hidden":false,"retry":false,"extra":{"severity":"normal","retries":[],"categories":[{"name":"Product defects","matchedStatuses":[],"flaky":false}],"history":{"statistic":{"failed":9,"broken":1,"skipped":0,"passed":15,"unknown":0,"total":25},"items":[{"uid":"eaaa32efbd932134","reportUrl":"https://zoniadev.github.io/automation-testing-framework/354//#testresult/eaaa32efbd932134","status":"passed","time":{"start":1759013491055,"stop":1759013544610,"duration":53555}},{"uid":"f5564fead20f9ea","reportUrl":"https://zoniadev.github.io/automation-testing-framework/353//#testresult/f5564fead20f9ea","status":"passed","time":{"start":1758927214264,"stop":1758927265164,"duration":50900}},{"uid":"5c160dc5f5c11083","reportUrl":"https://zoniadev.github.io/automation-testing-framework/517//#testresult/5c160dc5f5c11083","status":"failed","statusDetails":"AssertionError: Locator.select_option: Error: Element is not a <select> element\nCall log:\nwaiting for locator(\"//*[@id='form-country']\")\n  -   locator resolved to <input type=\"text\" class=\"field\" id=\"form-country\" data-id=\"form-country\" placeholder=\"Country*\" unique-id=\"form-country-1\" data-parsley-required=\"true\" unique-identifier=\"form-country-1\" data-parsley-group=\"paypalRequired\"/>\n  - attempting select option action\n  -   waiting for element to be visible and enabled\n\n","time":{"start":1758882337912,"stop":1758882344772,"duration":6860}},{"uid":"73ecdfacaf23ae8a","reportUrl":"https://zoniadev.github.io/automation-testing-framework/516//#testresult/73ecdfacaf23ae8a","status":"broken","statusDetails":"playwright._impl._errors.Error: Locator.select_option: Error: Element is not a <select> element\nCall log:\nwaiting for locator(\"//*[@id='form-country']\")\n  -   locator resolved to <input type=\"text\" class=\"field\" id=\"form-country\" data-id=\"form-country\" placeholder=\"Country*\" unique-id=\"form-country-1\" data-parsley-required=\"true\" unique-identifier=\"form-country-1\" data-parsley-group=\"paypalRequired\"/>\n  - attempting select option action\n  -   waiting for element to be visible and enabled\n\n","time":{"start":1758875416181,"stop":1758875422230,"duration":6049}},{"uid":"2fff26f398afd464","reportUrl":"https://zoniadev.github.io/automation-testing-framework/352//#testresult/2fff26f398afd464","status":"passed","time":{"start":1758840800119,"stop":1758840853325,"duration":53206}},{"uid":"503ef9057ff6d04f","reportUrl":"https://zoniadev.github.io/automation-testing-framework/513//#testresult/503ef9057ff6d04f","status":"passed","time":{"start":1758781039252,"stop":1758781093439,"duration":54187}},{"uid":"b8e6f51f36af79d1","reportUrl":"https://zoniadev.github.io/automation-testing-framework/351//#testresult/b8e6f51f36af79d1","status":"failed","statusDetails":"AssertionError: Locator.scroll_into_view_if_needed: Timeout 30000ms exceeded.\nCall log:\nwaiting for locator(\"//button[@class='skip-login']\")\n\n","time":{"start":1758755228719,"stop":1758755297517,"duration":68798}},{"uid":"81affde74f77d1ce","reportUrl":"https://zoniadev.github.io/automation-testing-framework/350//#testresult/81affde74f77d1ce","status":"failed","statusDetails":"AssertionError: Locator.scroll_into_view_if_needed: Timeout 30000ms exceeded.\nCall log:\nwaiting for locator(\"//button[@class='skip-login']\")\n\n","time":{"start":1758668821227,"stop":1758668893646,"duration":72419}},{"uid":"c6eff03dc2a94fce","reportUrl":"https://zoniadev.github.io/automation-testing-framework/349//#testresult/c6eff03dc2a94fce","status":"failed","statusDetails":"AssertionError: Locator.scroll_into_view_if_needed: Timeout 30000ms exceeded.\nCall log:\nwaiting for locator(\"//button[@class='skip-login']\")\n\n","time":{"start":1758581870852,"stop":1758581958528,"duration":87676}},{"uid":"289c6e29aa2d6cd4","reportUrl":"https://zoniadev.github.io/automation-testing-framework/348//#testresult/289c6e29aa2d6cd4","status":"failed","statusDetails":"AssertionError: Locator.scroll_into_view_if_needed: Timeout 30000ms exceeded.\nCall log:\nwaiting for locator(\"//button[@class='skip-login']\")\n\n","time":{"start":1758496019723,"stop":1758496088898,"duration":69175}},{"uid":"753bc40732b72cf5","reportUrl":"https://zoniadev.github.io/automation-testing-framework/347//#testresult/753bc40732b72cf5","status":"failed","statusDetails":"AssertionError: Locator.scroll_into_view_if_needed: Timeout 30000ms exceeded.\nCall log:\nwaiting for locator(\"//button[@class='skip-login']\")\n\n","time":{"start":1758409465111,"stop":1758409535090,"duration":69979}},{"uid":"d98aeab101c30b67","reportUrl":"https://zoniadev.github.io/automation-testing-framework/346//#testresult/d98aeab101c30b67","status":"failed","statusDetails":"AssertionError: Locator.scroll_into_view_if_needed: Timeout 30000ms exceeded.\nCall log:\nwaiting for locator(\"//button[@class='skip-login']\")\n\n","time":{"start":1758323174194,"stop":1758323244064,"duration":69870}},{"uid":"9cc4f03316163ced","reportUrl":"https://zoniadev.github.io/automation-testing-framework/345//#testresult/9cc4f03316163ced","status":"failed","statusDetails":"AssertionError: Locator.scroll_into_view_if_needed: Timeout 30000ms exceeded.\nCall log:\nwaiting for locator(\"//button[@class='skip-login']\")\n\n","time":{"start":1758236906119,"stop":1758236978735,"duration":72616}},{"uid":"92da78c660d7dc72","reportUrl":"https://zoniadev.github.io/automation-testing-framework/344//#testresult/92da78c660d7dc72","status":"passed","time":{"start":1758149375627,"stop":1758149432685,"duration":57058}},{"uid":"5c6214223ceb7baa","reportUrl":"https://zoniadev.github.io/automation-testing-framework/343//#testresult/5c6214223ceb7baa","status":"passed","time":{"start":1758063115656,"stop":1758063171007,"duration":55351}},{"uid":"a10b789f6bc169b5","reportUrl":"https://zoniadev.github.io/automation-testing-framework/342//#testresult/a10b789f6bc169b5","status":"passed","time":{"start":1757976746592,"stop":1757976801770,"duration":55178}},{"uid":"cf3153c9983847db","reportUrl":"https://zoniadev.github.io/automation-testing-framework/341//#testresult/cf3153c9983847db","status":"passed","time":{"start":1757890326660,"stop":1757890381716,"duration":55056}},{"uid":"1424e8e0871fe283","reportUrl":"https://zoniadev.github.io/automation-testing-framework/340//#testresult/1424e8e0871fe283","status":"passed","time":{"start":1757803890304,"stop":1757803947894,"duration":57590}},{"uid":"ff7303b7187d826f","reportUrl":"https://zoniadev.github.io/automation-testing-framework/339//#testresult/ff7303b7187d826f","status":"passed","time":{"start":1757717535989,"stop":1757717594428,"duration":58439}},{"uid":"7b71c921e159c394","reportUrl":"https://zoniadev.github.io/automation-testing-framework/506//#testresult/7b71c921e159c394","status":"passed","time":{"start":1757664297078,"stop":1757664349733,"duration":52655}}]},"tags":["nightly","nightly_supplement"]},"source":"44ba85b632b4229f.json","parameterValues":["1","no","no","no","no","decline","no","no","no"]}