{"uid":"54c601956987fac8","name":"Restore Sleep - Buy 2, Get 3 Free bottles Supplement nightly -- @1.1 ","fullName":"Nightly tests: Restore Sleep - Buy 2, Get 3 Free bottles Supplement nightly","historyId":"5574ac7bd12dfeb4426d82b11d8d3abc","time":{"start":1759081746639,"stop":1759081753043,"duration":6404},"status":"failed","statusMessage":"AssertionError: Locator.select_option: Error: Element is not a <select> element\nCall log:\nwaiting for locator(\"//*[@id='form-country']\")\n  -   locator resolved to <input type=\"text\" class=\"field\" id=\"form-country\" data-id=\"form-country\" placeholder=\"Country*\" unique-id=\"form-country-1\" data-parsley-required=\"true\" unique-identifier=\"form-country-1\" data-parsley-group=\"paypalRequired\"/>\n  - attempting select option action\n  -   waiting for element to be visible and enabled\n\n","statusTrace":"  File \"/opt/hostedtoolcache/Python/3.9.23/x64/lib/python3.9/site-packages/behave/model.py\", line 1329, in run\n    match.run(runner.context)\n  File \"/opt/hostedtoolcache/Python/3.9.23/x64/lib/python3.9/site-packages/behave/matchers.py\", line 98, in run\n    self.func(context, *args, **kwargs)\n  File \"/home/runner/work/automation-testing-framework/automation-testing-framework/common_functions/custom_step_decorator.py\", line 10, in inner\n    raise AssertionError(e)\n","flaky":true,"newFailed":true,"newBroken":false,"newPassed":false,"retriesCount":0,"retriesStatusChange":false,"beforeStages":[],"testStage":{"status":"failed","statusMessage":"AssertionError: Locator.select_option: Error: Element is not a <select> element\nCall log:\nwaiting for locator(\"//*[@id='form-country']\")\n  -   locator resolved to <input type=\"text\" class=\"field\" id=\"form-country\" data-id=\"form-country\" placeholder=\"Country*\" unique-id=\"form-country-1\" data-parsley-required=\"true\" unique-identifier=\"form-country-1\" data-parsley-group=\"paypalRequired\"/>\n  - attempting select option action\n  -   waiting for element to be visible and enabled\n\n","statusTrace":"  File \"/opt/hostedtoolcache/Python/3.9.23/x64/lib/python3.9/site-packages/behave/model.py\", line 1329, in run\n    match.run(runner.context)\n  File \"/opt/hostedtoolcache/Python/3.9.23/x64/lib/python3.9/site-packages/behave/matchers.py\", line 98, in run\n    self.func(context, *args, **kwargs)\n  File \"/home/runner/work/automation-testing-framework/automation-testing-framework/common_functions/custom_step_decorator.py\", line 10, in inner\n    raise AssertionError(e)\n","steps":[{"name":"Given user select to buy \"1\" bottles in \"Restore Sleep B2G3\" Supplements page","time":{"start":1759081746692,"stop":1759081753008,"duration":6316},"status":"failed","statusMessage":"AssertionError: Locator.select_option: Error: Element is not a <select> element\nCall log:\nwaiting for locator(\"//*[@id='form-country']\")\n  -   locator resolved to <input type=\"text\" class=\"field\" id=\"form-country\" data-id=\"form-country\" placeholder=\"Country*\" unique-id=\"form-country-1\" data-parsley-required=\"true\" unique-identifier=\"form-country-1\" data-parsley-group=\"paypalRequired\"/>\n  - attempting select option action\n  -   waiting for element to be visible and enabled\n\n","statusTrace":"  File \"/opt/hostedtoolcache/Python/3.9.23/x64/lib/python3.9/site-packages/behave/model.py\", line 1329, in run\n    match.run(runner.context)\n  File \"/opt/hostedtoolcache/Python/3.9.23/x64/lib/python3.9/site-packages/behave/matchers.py\", line 98, in run\n    self.func(context, *args, **kwargs)\n  File \"/home/runner/work/automation-testing-framework/automation-testing-framework/common_functions/custom_step_decorator.py\", line 10, in inner\n    raise AssertionError(e)\n","steps":[],"attachments":[{"uid":"953d8dc6625dd6ff","name":"screenshot","source":"953d8dc6625dd6ff.png","type":"image/png","size":103149},{"uid":"e24cc046bfd77984","name":"stdout","source":"e24cc046bfd77984.txt","type":"text/plain","size":1568}],"parameters":[],"shouldDisplayMessage":true,"stepsCount":0,"attachmentsCount":2,"hasContent":true},{"name":"When user makes following decision in \"first\" supplement \"6 More bottles of Restore Sleep\" Upsell page","time":{"start":1759081753042,"stop":1759081753042,"duration":0},"status":"skipped","steps":[],"attachments":[{"uid":"6c1037e6402c2397","name":".table","source":"6c1037e6402c2397.csv","type":"text/csv","size":25}],"parameters":[],"shouldDisplayMessage":false,"stepsCount":0,"attachmentsCount":1,"hasContent":true},{"name":"And user makes following decision in \"second\" supplement \"Restore Life\" Upsell page","time":{"start":1759081753042,"stop":1759081753042,"duration":0},"status":"skipped","steps":[],"attachments":[{"uid":"ceb9c47b24135820","name":".table","source":"ceb9c47b24135820.csv","type":"text/csv","size":25}],"parameters":[],"shouldDisplayMessage":false,"stepsCount":0,"attachmentsCount":1,"hasContent":true},{"name":"And user makes following decision in \"third\" supplement \"Restore Detox\" Upsell page","time":{"start":1759081753043,"stop":1759081753043,"duration":0},"status":"skipped","steps":[],"attachments":[{"uid":"a89a7312ea6d6f86","name":".table","source":"a89a7312ea6d6f86.csv","type":"text/csv","size":25}],"parameters":[],"shouldDisplayMessage":false,"stepsCount":0,"attachmentsCount":1,"hasContent":true},{"name":"And user makes following decision in 7 day free membership","time":{"start":1759081753043,"stop":1759081753043,"duration":0},"status":"skipped","steps":[],"attachments":[{"uid":"f9537b2f2ced3c9e","name":".table","source":"f9537b2f2ced3c9e.csv","type":"text/csv","size":24}],"parameters":[],"shouldDisplayMessage":false,"stepsCount":0,"attachmentsCount":1,"hasContent":true},{"name":"Then user complete registration","time":{"start":1759081753043,"stop":1759081753043,"duration":0},"status":"skipped","steps":[],"attachments":[],"parameters":[],"shouldDisplayMessage":false,"stepsCount":0,"attachmentsCount":0,"hasContent":false}],"attachments":[{"uid":"6305dbb06a741fc2","name":"Test Video","source":"6305dbb06a741fc2.webm","type":"video/webm","size":215225}],"parameters":[],"shouldDisplayMessage":false,"stepsCount":6,"attachmentsCount":7,"hasContent":true},"afterStages":[],"labels":[{"name":"severity","value":"normal"},{"name":"tag","value":"nightly"},{"name":"tag","value":"nightly_supplement"},{"name":"feature","value":"Nightly tests"},{"name":"framework","value":"behave"},{"name":"language","value":"cpython3"},{"name":"resultFormat","value":"allure2"}],"parameters":[{"name":"bottles","value":"1"},{"name":"dt_last_chance","value":"no"},{"name":"dt_upgrade","value":"no"},{"name":"lf_last_chance","value":"no"},{"name":"lf_upgrade","value":"no"},{"name":"memb_decision","value":"decline"},{"name":"memb_plan","value":"no"},{"name":"sl_last_chance","value":"no"},{"name":"sl_upgrade","value":"no"}],"links":[],"hidden":false,"retry":false,"extra":{"severity":"normal","retries":[],"categories":[{"name":"Product defects","matchedStatuses":[],"flaky":false}],"history":{"statistic":{"failed":9,"broken":1,"skipped":0,"passed":15,"unknown":0,"total":25},"items":[{"uid":"fbf774074e26f430","reportUrl":"https://zoniadev.github.io/automation-testing-framework/354//#testresult/fbf774074e26f430","status":"passed","time":{"start":1759013694791,"stop":1759013744611,"duration":49820}},{"uid":"f66305510510032e","reportUrl":"https://zoniadev.github.io/automation-testing-framework/353//#testresult/f66305510510032e","status":"passed","time":{"start":1758927415957,"stop":1758927468668,"duration":52711}},{"uid":"14e5d04cc5e7b982","reportUrl":"https://zoniadev.github.io/automation-testing-framework/517//#testresult/14e5d04cc5e7b982","status":"failed","statusDetails":"AssertionError: Locator.select_option: Error: Element is not a <select> element\nCall log:\nwaiting for locator(\"//*[@id='form-country']\")\n  -   locator resolved to <input type=\"text\" class=\"field\" id=\"form-country\" data-id=\"form-country\" placeholder=\"Country*\" unique-id=\"form-country-1\" data-parsley-required=\"true\" unique-identifier=\"form-country-1\" data-parsley-group=\"paypalRequired\"/>\n  - attempting select option action\n  -   waiting for element to be visible and enabled\n\n","time":{"start":1758882351807,"stop":1758882358509,"duration":6702}},{"uid":"12ab37774892d825","reportUrl":"https://zoniadev.github.io/automation-testing-framework/516//#testresult/12ab37774892d825","status":"broken","statusDetails":"playwright._impl._errors.Error: Locator.select_option: Error: Element is not a <select> element\nCall log:\nwaiting for locator(\"//*[@id='form-country']\")\n  -   locator resolved to <input type=\"text\" class=\"field\" id=\"form-country\" data-id=\"form-country\" placeholder=\"Country*\" unique-id=\"form-country-1\" data-parsley-required=\"true\" unique-identifier=\"form-country-1\" data-parsley-group=\"paypalRequired\"/>\n  - attempting select option action\n  -   waiting for element to be visible and enabled\n\n","time":{"start":1758875428318,"stop":1758875434467,"duration":6149}},{"uid":"79adeae8878050d2","reportUrl":"https://zoniadev.github.io/automation-testing-framework/352//#testresult/79adeae8878050d2","status":"passed","time":{"start":1758841004025,"stop":1758841054010,"duration":49985}},{"uid":"e7e841d53a1a4079","reportUrl":"https://zoniadev.github.io/automation-testing-framework/513//#testresult/e7e841d53a1a4079","status":"passed","time":{"start":1758781244756,"stop":1758781295004,"duration":50248}},{"uid":"fc5756865cc27d13","reportUrl":"https://zoniadev.github.io/automation-testing-framework/351//#testresult/fc5756865cc27d13","status":"failed","statusDetails":"AssertionError: Locator.scroll_into_view_if_needed: Timeout 30000ms exceeded.\nCall log:\nwaiting for locator(\"//button[@class='skip-login']\")\n\n","time":{"start":1758755466233,"stop":1758755534138,"duration":67905}},{"uid":"41d8d15f842ad5bb","reportUrl":"https://zoniadev.github.io/automation-testing-framework/350//#testresult/41d8d15f842ad5bb","status":"failed","statusDetails":"AssertionError: Locator.scroll_into_view_if_needed: Timeout 30000ms exceeded.\nCall log:\nwaiting for locator(\"//button[@class='skip-login']\")\n\n","time":{"start":1758669063437,"stop":1758669133924,"duration":70487}},{"uid":"eaaa6d2db01ab0a5","reportUrl":"https://zoniadev.github.io/automation-testing-framework/349//#testresult/eaaa6d2db01ab0a5","status":"failed","statusDetails":"AssertionError: Locator.scroll_into_view_if_needed: Timeout 30000ms exceeded.\nCall log:\nwaiting for locator(\"//button[@class='skip-login']\")\n\n","time":{"start":1758582127811,"stop":1758582198382,"duration":70571}},{"uid":"1b6872726c173d33","reportUrl":"https://zoniadev.github.io/automation-testing-framework/348//#testresult/1b6872726c173d33","status":"failed","statusDetails":"AssertionError: Locator.scroll_into_view_if_needed: Timeout 30000ms exceeded.\nCall log:\nwaiting for locator(\"//button[@class='skip-login']\")\n\n","time":{"start":1758496259169,"stop":1758496335458,"duration":76289}},{"uid":"dede2c4e08d1314b","reportUrl":"https://zoniadev.github.io/automation-testing-framework/347//#testresult/dede2c4e08d1314b","status":"failed","statusDetails":"AssertionError: Locator.scroll_into_view_if_needed: Timeout 30000ms exceeded.\nCall log:\nwaiting for locator(\"//button[@class='skip-login']\")\n\n","time":{"start":1758409705828,"stop":1758409776656,"duration":70828}},{"uid":"aacc749896adea2a","reportUrl":"https://zoniadev.github.io/automation-testing-framework/346//#testresult/aacc749896adea2a","status":"failed","statusDetails":"AssertionError: Locator.scroll_into_view_if_needed: Timeout 30000ms exceeded.\nCall log:\nwaiting for locator(\"//button[@class='skip-login']\")\n\n","time":{"start":1758323413923,"stop":1758323486115,"duration":72192}},{"uid":"483b32f221cbd748","reportUrl":"https://zoniadev.github.io/automation-testing-framework/345//#testresult/483b32f221cbd748","status":"failed","statusDetails":"AssertionError: Locator.scroll_into_view_if_needed: Timeout 30000ms exceeded.\nCall log:\nwaiting for locator(\"//button[@class='skip-login']\")\n\n","time":{"start":1758237150512,"stop":1758237220788,"duration":70276}},{"uid":"d27cf2c8abc6f708","reportUrl":"https://zoniadev.github.io/automation-testing-framework/344//#testresult/d27cf2c8abc6f708","status":"passed","time":{"start":1758149598050,"stop":1758149654123,"duration":56073}},{"uid":"1fca35e5631c0605","reportUrl":"https://zoniadev.github.io/automation-testing-framework/343//#testresult/1fca35e5631c0605","status":"passed","time":{"start":1758063327951,"stop":1758063382480,"duration":54529}},{"uid":"15ebfa23fbdc3922","reportUrl":"https://zoniadev.github.io/automation-testing-framework/342//#testresult/15ebfa23fbdc3922","status":"passed","time":{"start":1757976954174,"stop":1757977016742,"duration":62568}},{"uid":"29c612c644fa4c6a","reportUrl":"https://zoniadev.github.io/automation-testing-framework/341//#testresult/29c612c644fa4c6a","status":"passed","time":{"start":1757890533701,"stop":1757890589049,"duration":55348}},{"uid":"c279690b9e3709f8","reportUrl":"https://zoniadev.github.io/automation-testing-framework/340//#testresult/c279690b9e3709f8","status":"passed","time":{"start":1757804101403,"stop":1757804157985,"duration":56582}},{"uid":"1516de7dc41c43cd","reportUrl":"https://zoniadev.github.io/automation-testing-framework/339//#testresult/1516de7dc41c43cd","status":"passed","time":{"start":1757717749571,"stop":1757717803038,"duration":53467}},{"uid":"eb3ebd81c14c5d02","reportUrl":"https://zoniadev.github.io/automation-testing-framework/506//#testresult/eb3ebd81c14c5d02","status":"passed","time":{"start":1757664504734,"stop":1757664557128,"duration":52394}}]},"tags":["nightly","nightly_supplement"]},"source":"54c601956987fac8.json","parameterValues":["1","no","no","no","no","decline","no","no","no"]}