{"uid":"752d85bdb726e7a7","name":"Restore Gut Supplement nightly -- @1.1 ","fullName":"Nightly tests: Restore Gut Supplement nightly","historyId":"515a6b495fc94dae7ed3754fd6fea549","time":{"start":1759081759269,"stop":1759081768688,"duration":9419},"status":"failed","statusMessage":"AssertionError: Locator.select_option: Error: Element is not a <select> element\nCall log:\nwaiting for locator(\"//*[@id='form-country']\")\n  -   locator resolved to <input type=\"text\" class=\"field\" id=\"form-country\" placeholder=\"Country*\" data-parsley-required=\"true\" unique-identifier=\"form-country-1\" data-parsley-group=\"paypalRequired\"/>\n  - attempting select option action\n  -   waiting for element to be visible and enabled\n\n","statusTrace":"  File \"/opt/hostedtoolcache/Python/3.9.23/x64/lib/python3.9/site-packages/behave/model.py\", line 1329, in run\n    match.run(runner.context)\n  File \"/opt/hostedtoolcache/Python/3.9.23/x64/lib/python3.9/site-packages/behave/matchers.py\", line 98, in run\n    self.func(context, *args, **kwargs)\n  File \"/home/runner/work/automation-testing-framework/automation-testing-framework/common_functions/custom_step_decorator.py\", line 10, in inner\n    raise AssertionError(e)\n","flaky":true,"newFailed":true,"newBroken":false,"newPassed":false,"retriesCount":0,"retriesStatusChange":false,"beforeStages":[],"testStage":{"status":"failed","statusMessage":"AssertionError: Locator.select_option: Error: Element is not a <select> element\nCall log:\nwaiting for locator(\"//*[@id='form-country']\")\n  -   locator resolved to <input type=\"text\" class=\"field\" id=\"form-country\" placeholder=\"Country*\" data-parsley-required=\"true\" unique-identifier=\"form-country-1\" data-parsley-group=\"paypalRequired\"/>\n  - attempting select option action\n  -   waiting for element to be visible and enabled\n\n","statusTrace":"  File \"/opt/hostedtoolcache/Python/3.9.23/x64/lib/python3.9/site-packages/behave/model.py\", line 1329, in run\n    match.run(runner.context)\n  File \"/opt/hostedtoolcache/Python/3.9.23/x64/lib/python3.9/site-packages/behave/matchers.py\", line 98, in run\n    self.func(context, *args, **kwargs)\n  File \"/home/runner/work/automation-testing-framework/automation-testing-framework/common_functions/custom_step_decorator.py\", line 10, in inner\n    raise AssertionError(e)\n","steps":[{"name":"Given user select to buy \"1\" bottles in \"Restore Gut\" Supplements page","time":{"start":1759081759322,"stop":1759081768657,"duration":9335},"status":"failed","statusMessage":"AssertionError: Locator.select_option: Error: Element is not a <select> element\nCall log:\nwaiting for locator(\"//*[@id='form-country']\")\n  -   locator resolved to <input type=\"text\" class=\"field\" id=\"form-country\" placeholder=\"Country*\" data-parsley-required=\"true\" unique-identifier=\"form-country-1\" data-parsley-group=\"paypalRequired\"/>\n  - attempting select option action\n  -   waiting for element to be visible and enabled\n\n","statusTrace":"  File \"/opt/hostedtoolcache/Python/3.9.23/x64/lib/python3.9/site-packages/behave/model.py\", line 1329, in run\n    match.run(runner.context)\n  File \"/opt/hostedtoolcache/Python/3.9.23/x64/lib/python3.9/site-packages/behave/matchers.py\", line 98, in run\n    self.func(context, *args, **kwargs)\n  File \"/home/runner/work/automation-testing-framework/automation-testing-framework/common_functions/custom_step_decorator.py\", line 10, in inner\n    raise AssertionError(e)\n","steps":[],"attachments":[{"uid":"b84ea6fd71b803ce","name":"screenshot","source":"b84ea6fd71b803ce.png","type":"image/png","size":103332},{"uid":"c56f55964fe6e769","name":"stdout","source":"c56f55964fe6e769.txt","type":"text/plain","size":1509}],"parameters":[],"shouldDisplayMessage":true,"stepsCount":0,"attachmentsCount":2,"hasContent":true},{"name":"When user makes following decision in \"first\" supplement \"6 More bottles of Restore Gut\" Upsell page","time":{"start":1759081768687,"stop":1759081768687,"duration":0},"status":"skipped","steps":[],"attachments":[{"uid":"3bbdf04891ebae02","name":".table","source":"3bbdf04891ebae02.csv","type":"text/csv","size":25}],"parameters":[],"shouldDisplayMessage":false,"stepsCount":0,"attachmentsCount":1,"hasContent":true},{"name":"And user makes following decision in \"second\" supplement \"Restore Detox\" Upsell page","time":{"start":1759081768687,"stop":1759081768687,"duration":0},"status":"skipped","steps":[],"attachments":[{"uid":"48a6ac63c5fcb318","name":".table","source":"48a6ac63c5fcb318.csv","type":"text/csv","size":25}],"parameters":[],"shouldDisplayMessage":false,"stepsCount":0,"attachmentsCount":1,"hasContent":true},{"name":"And user makes following decision in \"third\" supplement \"Restore Sleep\" Upsell page","time":{"start":1759081768687,"stop":1759081768687,"duration":0},"status":"skipped","steps":[],"attachments":[{"uid":"18e42fca2827e401","name":".table","source":"18e42fca2827e401.csv","type":"text/csv","size":25}],"parameters":[],"shouldDisplayMessage":false,"stepsCount":0,"attachmentsCount":1,"hasContent":true},{"name":"And user makes following decision in 7 day free membership","time":{"start":1759081768687,"stop":1759081768687,"duration":0},"status":"skipped","steps":[],"attachments":[{"uid":"bc983fe9f2aac15d","name":".table","source":"bc983fe9f2aac15d.csv","type":"text/csv","size":24}],"parameters":[],"shouldDisplayMessage":false,"stepsCount":0,"attachmentsCount":1,"hasContent":true},{"name":"Then user complete registration","time":{"start":1759081768688,"stop":1759081768688,"duration":0},"status":"skipped","steps":[],"attachments":[],"parameters":[],"shouldDisplayMessage":false,"stepsCount":0,"attachmentsCount":0,"hasContent":false}],"attachments":[{"uid":"a4fcf9dbee0a1acc","name":"Test Video","source":"a4fcf9dbee0a1acc.webm","type":"video/webm","size":201470}],"parameters":[],"shouldDisplayMessage":false,"stepsCount":6,"attachmentsCount":7,"hasContent":true},"afterStages":[],"labels":[{"name":"severity","value":"normal"},{"name":"tag","value":"nightly"},{"name":"tag","value":"nightly_supplement"},{"name":"feature","value":"Nightly tests"},{"name":"framework","value":"behave"},{"name":"language","value":"cpython3"},{"name":"resultFormat","value":"allure2"}],"parameters":[{"name":"bottles","value":"1"},{"name":"dt_last_chance","value":"no"},{"name":"dt_upgrade","value":"no"},{"name":"lf_last_chance","value":"no"},{"name":"lf_upgrade","value":"no"},{"name":"memb_decision","value":"decline"},{"name":"memb_plan","value":"no"},{"name":"rg_last_chance","value":"no"},{"name":"rg_upgrade","value":"no"}],"links":[],"hidden":false,"retry":false,"extra":{"severity":"normal","retries":[],"categories":[{"name":"Product defects","matchedStatuses":[],"flaky":false}],"history":{"statistic":{"failed":9,"broken":1,"skipped":0,"passed":15,"unknown":0,"total":25},"items":[{"uid":"b5783fe4e5a8a610","reportUrl":"https://zoniadev.github.io/automation-testing-framework/354//#testresult/b5783fe4e5a8a610","status":"passed","time":{"start":1759013897106,"stop":1759013954615,"duration":57509}},{"uid":"b05c96dbfaf3d7df","reportUrl":"https://zoniadev.github.io/automation-testing-framework/353//#testresult/b05c96dbfaf3d7df","status":"passed","time":{"start":1758927625149,"stop":1758927678685,"duration":53536}},{"uid":"a3cfc19243a35a9b","reportUrl":"https://zoniadev.github.io/automation-testing-framework/517//#testresult/a3cfc19243a35a9b","status":"failed","statusDetails":"AssertionError: Locator.select_option: Error: Element is not a <select> element\nCall log:\nwaiting for locator(\"//*[@id='form-country']\")\n  -   locator resolved to <input type=\"text\" class=\"field\" id=\"form-country\" placeholder=\"Country*\" data-parsley-required=\"true\" unique-identifier=\"form-country-1\" data-parsley-group=\"paypalRequired\"/>\n  - attempting select option action\n  -   waiting for element to be visible and enabled\n\n","time":{"start":1758882365888,"stop":1758882371942,"duration":6054}},{"uid":"7c9131904a1cf130","reportUrl":"https://zoniadev.github.io/automation-testing-framework/516//#testresult/7c9131904a1cf130","status":"broken","statusDetails":"playwright._impl._errors.Error: Locator.select_option: Error: Element is not a <select> element\nCall log:\nwaiting for locator(\"//*[@id='form-country']\")\n  -   locator resolved to <input type=\"text\" class=\"field\" id=\"form-country\" placeholder=\"Country*\" data-parsley-required=\"true\" unique-identifier=\"form-country-1\" data-parsley-group=\"paypalRequired\"/>\n  - attempting select option action\n  -   waiting for element to be visible and enabled\n\n","time":{"start":1758875440630,"stop":1758875446295,"duration":5665}},{"uid":"7d8b7f4e7da5057d","reportUrl":"https://zoniadev.github.io/automation-testing-framework/352//#testresult/7d8b7f4e7da5057d","status":"passed","time":{"start":1758841212159,"stop":1758841263509,"duration":51350}},{"uid":"600467df22beb5ab","reportUrl":"https://zoniadev.github.io/automation-testing-framework/513//#testresult/600467df22beb5ab","status":"passed","time":{"start":1758781450184,"stop":1758781500337,"duration":50153}},{"uid":"98ac4bdf13f7572c","reportUrl":"https://zoniadev.github.io/automation-testing-framework/351//#testresult/98ac4bdf13f7572c","status":"failed","statusDetails":"AssertionError: Locator.scroll_into_view_if_needed: Timeout 30000ms exceeded.\nCall log:\nwaiting for locator(\"//button[@class='skip-login']\")\n\n","time":{"start":1758755701755,"stop":1758755770287,"duration":68532}},{"uid":"659224e4b4449c17","reportUrl":"https://zoniadev.github.io/automation-testing-framework/350//#testresult/659224e4b4449c17","status":"failed","statusDetails":"AssertionError: Locator.scroll_into_view_if_needed: Timeout 30000ms exceeded.\nCall log:\nwaiting for locator(\"//button[@class='skip-login']\")\n\n","time":{"start":1758669305092,"stop":1758669374723,"duration":69631}},{"uid":"5e0e1792a865117f","reportUrl":"https://zoniadev.github.io/automation-testing-framework/349//#testresult/5e0e1792a865117f","status":"failed","statusDetails":"AssertionError: Locator.scroll_into_view_if_needed: Timeout 30000ms exceeded.\nCall log:\nwaiting for locator(\"//button[@class='skip-login']\")\n\n","time":{"start":1758582371096,"stop":1758582441100,"duration":70004}},{"uid":"c341cffd50858912","reportUrl":"https://zoniadev.github.io/automation-testing-framework/348//#testresult/c341cffd50858912","status":"failed","statusDetails":"AssertionError: Locator.scroll_into_view_if_needed: Timeout 30000ms exceeded.\nCall log:\nwaiting for locator(\"//button[@class='skip-login']\")\n\n","time":{"start":1758496506079,"stop":1758496575863,"duration":69784}},{"uid":"8c716708009aa4de","reportUrl":"https://zoniadev.github.io/automation-testing-framework/347//#testresult/8c716708009aa4de","status":"failed","statusDetails":"AssertionError: Locator.scroll_into_view_if_needed: Timeout 30000ms exceeded.\nCall log:\nwaiting for locator(\"//button[@class='skip-login']\")\n\n","time":{"start":1758409949855,"stop":1758410019793,"duration":69938}},{"uid":"309f830902e2a589","reportUrl":"https://zoniadev.github.io/automation-testing-framework/346//#testresult/309f830902e2a589","status":"failed","statusDetails":"AssertionError: Locator.scroll_into_view_if_needed: Timeout 30000ms exceeded.\nCall log:\nwaiting for locator(\"//button[@class='skip-login']\")\n\n","time":{"start":1758323660376,"stop":1758323730437,"duration":70061}},{"uid":"c11db382b7663b94","reportUrl":"https://zoniadev.github.io/automation-testing-framework/345//#testresult/c11db382b7663b94","status":"failed","statusDetails":"AssertionError: Locator.scroll_into_view_if_needed: Timeout 30000ms exceeded.\nCall log:\nwaiting for locator(\"//button[@class='skip-login']\")\n\n","time":{"start":1758237392835,"stop":1758237461589,"duration":68754}},{"uid":"8b88e3611c59973a","reportUrl":"https://zoniadev.github.io/automation-testing-framework/344//#testresult/8b88e3611c59973a","status":"passed","time":{"start":1758149809710,"stop":1758149862275,"duration":52565}},{"uid":"d76503c966072e7e","reportUrl":"https://zoniadev.github.io/automation-testing-framework/343//#testresult/d76503c966072e7e","status":"passed","time":{"start":1758063536059,"stop":1758063589937,"duration":53878}},{"uid":"8fa3752ba2b97eee","reportUrl":"https://zoniadev.github.io/automation-testing-framework/342//#testresult/8fa3752ba2b97eee","status":"passed","time":{"start":1757977169387,"stop":1757977223431,"duration":54044}},{"uid":"939755e033b99d54","reportUrl":"https://zoniadev.github.io/automation-testing-framework/341//#testresult/939755e033b99d54","status":"passed","time":{"start":1757890741809,"stop":1757890796144,"duration":54335}},{"uid":"c4108e9911c847ef","reportUrl":"https://zoniadev.github.io/automation-testing-framework/340//#testresult/c4108e9911c847ef","status":"passed","time":{"start":1757804311287,"stop":1757804363382,"duration":52095}},{"uid":"f9a08c0e8732d1d7","reportUrl":"https://zoniadev.github.io/automation-testing-framework/339//#testresult/f9a08c0e8732d1d7","status":"passed","time":{"start":1757717956530,"stop":1757718012891,"duration":56361}},{"uid":"c5f32a9c98d8c31a","reportUrl":"https://zoniadev.github.io/automation-testing-framework/506//#testresult/c5f32a9c98d8c31a","status":"passed","time":{"start":1757664708870,"stop":1757664762989,"duration":54119}}]},"tags":["nightly","nightly_supplement"]},"source":"752d85bdb726e7a7.json","parameterValues":["1","no","no","no","no","decline","no","no","no"]}