{"uid":"befea2d29586b911","name":"Restore Sleep - Buy 2, Get 3 Free bottles Supplement nightly -- @1.2 ","fullName":"Nightly tests: Restore Sleep - Buy 2, Get 3 Free bottles Supplement nightly","historyId":"f61c7e6decaf13ec5e4bd60099ffe965","time":{"start":1759081753044,"stop":1759081759268,"duration":6224},"status":"failed","statusMessage":"AssertionError: Locator.select_option: Error: Element is not a <select> element\nCall log:\nwaiting for locator(\"//*[@id='form-country']\")\n  -   locator resolved to <input type=\"text\" class=\"field\" id=\"form-country\" data-id=\"form-country\" placeholder=\"Country*\" unique-id=\"form-country-1\" data-parsley-required=\"true\" unique-identifier=\"form-country-1\" data-parsley-group=\"paypalRequired\"/>\n  - attempting select option action\n  -   waiting for element to be visible and enabled\n\n","statusTrace":"  File \"/opt/hostedtoolcache/Python/3.9.23/x64/lib/python3.9/site-packages/behave/model.py\", line 1329, in run\n    match.run(runner.context)\n  File \"/opt/hostedtoolcache/Python/3.9.23/x64/lib/python3.9/site-packages/behave/matchers.py\", line 98, in run\n    self.func(context, *args, **kwargs)\n  File \"/home/runner/work/automation-testing-framework/automation-testing-framework/common_functions/custom_step_decorator.py\", line 10, in inner\n    raise AssertionError(e)\n","flaky":true,"newFailed":true,"newBroken":false,"newPassed":false,"retriesCount":0,"retriesStatusChange":false,"beforeStages":[],"testStage":{"status":"failed","statusMessage":"AssertionError: Locator.select_option: Error: Element is not a <select> element\nCall log:\nwaiting for locator(\"//*[@id='form-country']\")\n  -   locator resolved to <input type=\"text\" class=\"field\" id=\"form-country\" data-id=\"form-country\" placeholder=\"Country*\" unique-id=\"form-country-1\" data-parsley-required=\"true\" unique-identifier=\"form-country-1\" data-parsley-group=\"paypalRequired\"/>\n  - attempting select option action\n  -   waiting for element to be visible and enabled\n\n","statusTrace":"  File \"/opt/hostedtoolcache/Python/3.9.23/x64/lib/python3.9/site-packages/behave/model.py\", line 1329, in run\n    match.run(runner.context)\n  File \"/opt/hostedtoolcache/Python/3.9.23/x64/lib/python3.9/site-packages/behave/matchers.py\", line 98, in run\n    self.func(context, *args, **kwargs)\n  File \"/home/runner/work/automation-testing-framework/automation-testing-framework/common_functions/custom_step_decorator.py\", line 10, in inner\n    raise AssertionError(e)\n","steps":[{"name":"Given user select to buy \"1\" bottles in \"Restore Sleep B2G3\" Supplements page","time":{"start":1759081753097,"stop":1759081759241,"duration":6144},"status":"failed","statusMessage":"AssertionError: Locator.select_option: Error: Element is not a <select> element\nCall log:\nwaiting for locator(\"//*[@id='form-country']\")\n  -   locator resolved to <input type=\"text\" class=\"field\" id=\"form-country\" data-id=\"form-country\" placeholder=\"Country*\" unique-id=\"form-country-1\" data-parsley-required=\"true\" unique-identifier=\"form-country-1\" data-parsley-group=\"paypalRequired\"/>\n  - attempting select option action\n  -   waiting for element to be visible and enabled\n\n","statusTrace":"  File \"/opt/hostedtoolcache/Python/3.9.23/x64/lib/python3.9/site-packages/behave/model.py\", line 1329, in run\n    match.run(runner.context)\n  File \"/opt/hostedtoolcache/Python/3.9.23/x64/lib/python3.9/site-packages/behave/matchers.py\", line 98, in run\n    self.func(context, *args, **kwargs)\n  File \"/home/runner/work/automation-testing-framework/automation-testing-framework/common_functions/custom_step_decorator.py\", line 10, in inner\n    raise AssertionError(e)\n","steps":[],"attachments":[{"uid":"d065264e0e42341b","name":"screenshot","source":"d065264e0e42341b.png","type":"image/png","size":101247},{"uid":"b8aeafbd13ce98d9","name":"stdout","source":"b8aeafbd13ce98d9.txt","type":"text/plain","size":1563}],"parameters":[],"shouldDisplayMessage":true,"stepsCount":0,"attachmentsCount":2,"hasContent":true},{"name":"When user makes following decision in \"first\" supplement \"6 More bottles of Restore Sleep\" Upsell page","time":{"start":1759081759267,"stop":1759081759267,"duration":0},"status":"skipped","steps":[],"attachments":[{"uid":"51c229358f7d96e1","name":".table","source":"51c229358f7d96e1.csv","type":"text/csv","size":35}],"parameters":[],"shouldDisplayMessage":false,"stepsCount":0,"attachmentsCount":1,"hasContent":true},{"name":"And user makes following decision in \"second\" supplement \"Restore Life\" Upsell page","time":{"start":1759081759267,"stop":1759081759268,"duration":1},"status":"skipped","steps":[],"attachments":[{"uid":"fc7f3d12c604aaab","name":".table","source":"fc7f3d12c604aaab.csv","type":"text/csv","size":33}],"parameters":[],"shouldDisplayMessage":false,"stepsCount":0,"attachmentsCount":1,"hasContent":true},{"name":"And user makes following decision in \"third\" supplement \"Restore Detox\" Upsell page","time":{"start":1759081759268,"stop":1759081759268,"duration":0},"status":"skipped","steps":[],"attachments":[{"uid":"38c0273d9768621","name":".table","source":"38c0273d9768621.csv","type":"text/csv","size":33}],"parameters":[],"shouldDisplayMessage":false,"stepsCount":0,"attachmentsCount":1,"hasContent":true},{"name":"And user makes following decision in 7 day free membership","time":{"start":1759081759268,"stop":1759081759268,"duration":0},"status":"skipped","steps":[],"attachments":[{"uid":"6544667d735f5010","name":".table","source":"6544667d735f5010.csv","type":"text/csv","size":30}],"parameters":[],"shouldDisplayMessage":false,"stepsCount":0,"attachmentsCount":1,"hasContent":true},{"name":"Then user complete registration","time":{"start":1759081759268,"stop":1759081759268,"duration":0},"status":"skipped","steps":[],"attachments":[],"parameters":[],"shouldDisplayMessage":false,"stepsCount":0,"attachmentsCount":0,"hasContent":false}],"attachments":[{"uid":"6fd1a5119c51c952","name":"Test Video","source":"6fd1a5119c51c952.webm","type":"video/webm","size":207969}],"parameters":[],"shouldDisplayMessage":false,"stepsCount":6,"attachmentsCount":7,"hasContent":true},"afterStages":[],"labels":[{"name":"severity","value":"normal"},{"name":"tag","value":"nightly"},{"name":"tag","value":"nightly_supplement"},{"name":"feature","value":"Nightly tests"},{"name":"framework","value":"behave"},{"name":"language","value":"cpython3"},{"name":"resultFormat","value":"allure2"}],"parameters":[{"name":"bottles","value":"1"},{"name":"dt_last_chance","value":"best_value"},{"name":"dt_upgrade","value":"no"},{"name":"lf_last_chance","value":"best_value"},{"name":"lf_upgrade","value":"no"},{"name":"memb_decision","value":"accept"},{"name":"memb_plan","value":"quarterly"},{"name":"sl_last_chance","value":"most_popular"},{"name":"sl_upgrade","value":"no"}],"links":[],"hidden":false,"retry":false,"extra":{"severity":"normal","retries":[],"categories":[{"name":"Product defects","matchedStatuses":[],"flaky":false}],"history":{"statistic":{"failed":9,"broken":1,"skipped":0,"passed":15,"unknown":0,"total":25},"items":[{"uid":"74e068db400cb97a","reportUrl":"https://zoniadev.github.io/automation-testing-framework/354//#testresult/74e068db400cb97a","status":"passed","time":{"start":1759013744611,"stop":1759013897105,"duration":152494}},{"uid":"c4c7ca0579140ef","reportUrl":"https://zoniadev.github.io/automation-testing-framework/353//#testresult/c4c7ca0579140ef","status":"passed","time":{"start":1758927468669,"stop":1758927625149,"duration":156480}},{"uid":"618358b153029843","reportUrl":"https://zoniadev.github.io/automation-testing-framework/517//#testresult/618358b153029843","status":"failed","statusDetails":"AssertionError: Locator.select_option: Error: Element is not a <select> element\nCall log:\nwaiting for locator(\"//*[@id='form-country']\")\n  -   locator resolved to <input type=\"text\" class=\"field\" id=\"form-country\" data-id=\"form-country\" placeholder=\"Country*\" unique-id=\"form-country-1\" data-parsley-required=\"true\" unique-identifier=\"form-country-1\" data-parsley-group=\"paypalRequired\"/>\n  - attempting select option action\n  -   waiting for element to be visible and enabled\n\n","time":{"start":1758882358510,"stop":1758882365887,"duration":7377}},{"uid":"1a3c4ecea54fa9f2","reportUrl":"https://zoniadev.github.io/automation-testing-framework/516//#testresult/1a3c4ecea54fa9f2","status":"broken","statusDetails":"playwright._impl._errors.Error: Locator.select_option: Error: Element is not a <select> element\nCall log:\nwaiting for locator(\"//*[@id='form-country']\")\n  -   locator resolved to <input type=\"text\" class=\"field\" id=\"form-country\" data-id=\"form-country\" placeholder=\"Country*\" unique-id=\"form-country-1\" data-parsley-required=\"true\" unique-identifier=\"form-country-1\" data-parsley-group=\"paypalRequired\"/>\n  - attempting select option action\n  -   waiting for element to be visible and enabled\n\n","time":{"start":1758875434468,"stop":1758875440629,"duration":6161}},{"uid":"4184f040f70e1694","reportUrl":"https://zoniadev.github.io/automation-testing-framework/352//#testresult/4184f040f70e1694","status":"passed","time":{"start":1758841054011,"stop":1758841212158,"duration":158147}},{"uid":"980bdee42b0062eb","reportUrl":"https://zoniadev.github.io/automation-testing-framework/513//#testresult/980bdee42b0062eb","status":"passed","time":{"start":1758781295005,"stop":1758781450183,"duration":155178}},{"uid":"df7509276c31d75f","reportUrl":"https://zoniadev.github.io/automation-testing-framework/351//#testresult/df7509276c31d75f","status":"failed","statusDetails":"AssertionError: Locator.scroll_into_view_if_needed: Timeout 30000ms exceeded.\nCall log:\nwaiting for locator(\"//button[@class='skip-login']\")\n\n","time":{"start":1758755534139,"stop":1758755701754,"duration":167615}},{"uid":"5934db1de13b8d1c","reportUrl":"https://zoniadev.github.io/automation-testing-framework/350//#testresult/5934db1de13b8d1c","status":"failed","statusDetails":"AssertionError: Locator.scroll_into_view_if_needed: Timeout 30000ms exceeded.\nCall log:\nwaiting for locator(\"//button[@class='skip-login']\")\n\n","time":{"start":1758669133925,"stop":1758669305091,"duration":171166}},{"uid":"7d6a0186c3c9cce4","reportUrl":"https://zoniadev.github.io/automation-testing-framework/349//#testresult/7d6a0186c3c9cce4","status":"failed","statusDetails":"AssertionError: Locator.scroll_into_view_if_needed: Timeout 30000ms exceeded.\nCall log:\nwaiting for locator(\"//button[@class='skip-login']\")\n\n","time":{"start":1758582198383,"stop":1758582371095,"duration":172712}},{"uid":"ab04e1dfe825c348","reportUrl":"https://zoniadev.github.io/automation-testing-framework/348//#testresult/ab04e1dfe825c348","status":"failed","statusDetails":"AssertionError: Locator.scroll_into_view_if_needed: Timeout 30000ms exceeded.\nCall log:\nwaiting for locator(\"//button[@class='skip-login']\")\n\n","time":{"start":1758496335459,"stop":1758496506079,"duration":170620}},{"uid":"4d9cd91324cb4b12","reportUrl":"https://zoniadev.github.io/automation-testing-framework/347//#testresult/4d9cd91324cb4b12","status":"failed","statusDetails":"AssertionError: Locator.scroll_into_view_if_needed: Timeout 30000ms exceeded.\nCall log:\nwaiting for locator(\"//button[@class='skip-login']\")\n\n","time":{"start":1758409776657,"stop":1758409949855,"duration":173198}},{"uid":"39e48db6a63012d6","reportUrl":"https://zoniadev.github.io/automation-testing-framework/346//#testresult/39e48db6a63012d6","status":"failed","statusDetails":"AssertionError: Locator.scroll_into_view_if_needed: Timeout 30000ms exceeded.\nCall log:\nwaiting for locator(\"//button[@class='skip-login']\")\n\n","time":{"start":1758323486116,"stop":1758323660375,"duration":174259}},{"uid":"889071caae61c048","reportUrl":"https://zoniadev.github.io/automation-testing-framework/345//#testresult/889071caae61c048","status":"failed","statusDetails":"AssertionError: Locator.scroll_into_view_if_needed: Timeout 30000ms exceeded.\nCall log:\nwaiting for locator(\"//button[@class='skip-login']\")\n\n","time":{"start":1758237220789,"stop":1758237392834,"duration":172045}},{"uid":"eb19b568fbd94478","reportUrl":"https://zoniadev.github.io/automation-testing-framework/344//#testresult/eb19b568fbd94478","status":"passed","time":{"start":1758149654124,"stop":1758149809709,"duration":155585}},{"uid":"7bc84bf01fd38aa8","reportUrl":"https://zoniadev.github.io/automation-testing-framework/343//#testresult/7bc84bf01fd38aa8","status":"passed","time":{"start":1758063382481,"stop":1758063536058,"duration":153577}},{"uid":"b249fc1e2cf48058","reportUrl":"https://zoniadev.github.io/automation-testing-framework/342//#testresult/b249fc1e2cf48058","status":"passed","time":{"start":1757977016742,"stop":1757977169386,"duration":152644}},{"uid":"9d0a910b7153e544","reportUrl":"https://zoniadev.github.io/automation-testing-framework/341//#testresult/9d0a910b7153e544","status":"passed","time":{"start":1757890589049,"stop":1757890741808,"duration":152759}},{"uid":"d234d14d6dca0699","reportUrl":"https://zoniadev.github.io/automation-testing-framework/340//#testresult/d234d14d6dca0699","status":"passed","time":{"start":1757804157986,"stop":1757804311286,"duration":153300}},{"uid":"350786593725f57b","reportUrl":"https://zoniadev.github.io/automation-testing-framework/339//#testresult/350786593725f57b","status":"passed","time":{"start":1757717803039,"stop":1757717956529,"duration":153490}},{"uid":"48f761d688f5e554","reportUrl":"https://zoniadev.github.io/automation-testing-framework/506//#testresult/48f761d688f5e554","status":"passed","time":{"start":1757664557128,"stop":1757664708869,"duration":151741}}]},"tags":["nightly","nightly_supplement"]},"source":"befea2d29586b911.json","parameterValues":["1","best_value","no","best_value","no","accept","quarterly","most_popular","no"]}