{"uid":"d7ed680bbcc5bf5","name":"Restore Detox Supplement nightly -- @1.1 ","fullName":"Nightly tests: Restore Detox Supplement nightly","historyId":"873af16d431a4fbc634ed4084f080e91","time":{"start":1758875614634,"stop":1758875618860,"duration":4226},"status":"broken","statusMessage":"playwright._impl._errors.Error: Locator.select_option: Error: Element is not a <select> element\nCall log:\nwaiting for locator(\"//*[@id='form-country']\")\n  -   locator resolved to <input type=\"text\" class=\"field\" id=\"form-country\" data-id=\"form-country\" placeholder=\"Country*\" unique-id=\"form-country-1\" data-parsley-required=\"true\" unique-identifier=\"form-country-1\" data-parsley-group=\"paypalRequired\"/>\n  - attempting select option action\n  -   waiting for element to be visible and enabled\n\n","statusTrace":"  File \"/opt/hostedtoolcache/Python/3.9.23/x64/lib/python3.9/site-packages/behave/model.py\", line 1329, in run\n    match.run(runner.context)\n  File \"/opt/hostedtoolcache/Python/3.9.23/x64/lib/python3.9/site-packages/behave/matchers.py\", line 98, in run\n    self.func(context, *args, **kwargs)\n  File \"features/steps/step_definitions.py\", line 23, in user_fill_opt_in_form\n    page.supplement_funnel_buy_bottles(amount, funnel)\n  File \"/home/runner/work/automation-testing-framework/automation-testing-framework/pages/supplement_start_page.py\", line 34, in supplement_funnel_buy_bottles\n    self.context.page.locator(COUNTRY_FIELD).select_option('USA')\n  File \"/opt/hostedtoolcache/Python/3.9.23/x64/lib/python3.9/site-packages/playwright/sync_api/_generated.py\", line 16984, in select_option\n    self._sync(\n  File \"/opt/hostedtoolcache/Python/3.9.23/x64/lib/python3.9/site-packages/playwright/_impl/_sync_base.py\", line 115, in _sync\n    return task.result()\n  File \"/opt/hostedtoolcache/Python/3.9.23/x64/lib/python3.9/site-packages/playwright/_impl/_locator.py\", line 557, in select_option\n    return await self._frame.select_option(\n  File \"/opt/hostedtoolcache/Python/3.9.23/x64/lib/python3.9/site-packages/playwright/_impl/_frame.py\", line 679, in select_option\n    return await self._channel.send(\"selectOption\", params)\n  File \"/opt/hostedtoolcache/Python/3.9.23/x64/lib/python3.9/site-packages/playwright/_impl/_connection.py\", line 59, in send\n    return await self._connection.wrap_api_call(\n  File \"/opt/hostedtoolcache/Python/3.9.23/x64/lib/python3.9/site-packages/playwright/_impl/_connection.py\", line 514, in wrap_api_call\n    raise rewrite_error(error, f\"{parsed_st['apiName']}: {error}\") from None\n","flaky":true,"newFailed":false,"newBroken":true,"newPassed":false,"retriesCount":0,"retriesStatusChange":false,"beforeStages":[],"testStage":{"status":"broken","statusMessage":"playwright._impl._errors.Error: Locator.select_option: Error: Element is not a <select> element\nCall log:\nwaiting for locator(\"//*[@id='form-country']\")\n  -   locator resolved to <input type=\"text\" class=\"field\" id=\"form-country\" data-id=\"form-country\" placeholder=\"Country*\" unique-id=\"form-country-1\" data-parsley-required=\"true\" unique-identifier=\"form-country-1\" data-parsley-group=\"paypalRequired\"/>\n  - attempting select option action\n  -   waiting for element to be visible and enabled\n\n","statusTrace":"  File \"/opt/hostedtoolcache/Python/3.9.23/x64/lib/python3.9/site-packages/behave/model.py\", line 1329, in run\n    match.run(runner.context)\n  File \"/opt/hostedtoolcache/Python/3.9.23/x64/lib/python3.9/site-packages/behave/matchers.py\", line 98, in run\n    self.func(context, *args, **kwargs)\n  File \"features/steps/step_definitions.py\", line 23, in user_fill_opt_in_form\n    page.supplement_funnel_buy_bottles(amount, funnel)\n  File \"/home/runner/work/automation-testing-framework/automation-testing-framework/pages/supplement_start_page.py\", line 34, in supplement_funnel_buy_bottles\n    self.context.page.locator(COUNTRY_FIELD).select_option('USA')\n  File \"/opt/hostedtoolcache/Python/3.9.23/x64/lib/python3.9/site-packages/playwright/sync_api/_generated.py\", line 16984, in select_option\n    self._sync(\n  File \"/opt/hostedtoolcache/Python/3.9.23/x64/lib/python3.9/site-packages/playwright/_impl/_sync_base.py\", line 115, in _sync\n    return task.result()\n  File \"/opt/hostedtoolcache/Python/3.9.23/x64/lib/python3.9/site-packages/playwright/_impl/_locator.py\", line 557, in select_option\n    return await self._frame.select_option(\n  File \"/opt/hostedtoolcache/Python/3.9.23/x64/lib/python3.9/site-packages/playwright/_impl/_frame.py\", line 679, in select_option\n    return await self._channel.send(\"selectOption\", params)\n  File \"/opt/hostedtoolcache/Python/3.9.23/x64/lib/python3.9/site-packages/playwright/_impl/_connection.py\", line 59, in send\n    return await self._connection.wrap_api_call(\n  File \"/opt/hostedtoolcache/Python/3.9.23/x64/lib/python3.9/site-packages/playwright/_impl/_connection.py\", line 514, in wrap_api_call\n    raise rewrite_error(error, f\"{parsed_st['apiName']}: {error}\") from None\n","steps":[{"name":"Given user select to buy \"1\" bottles in \"Restore Detox\" Supplements page","time":{"start":1758875614667,"stop":1758875618834,"duration":4167},"status":"broken","statusMessage":"playwright._impl._errors.Error: Locator.select_option: Error: Element is not a <select> element\nCall log:\nwaiting for locator(\"//*[@id='form-country']\")\n  -   locator resolved to <input type=\"text\" class=\"field\" id=\"form-country\" data-id=\"form-country\" placeholder=\"Country*\" unique-id=\"form-country-1\" data-parsley-required=\"true\" unique-identifier=\"form-country-1\" data-parsley-group=\"paypalRequired\"/>\n  - attempting select option action\n  -   waiting for element to be visible and enabled\n\n","statusTrace":"  File \"/opt/hostedtoolcache/Python/3.9.23/x64/lib/python3.9/site-packages/behave/model.py\", line 1329, in run\n    match.run(runner.context)\n  File \"/opt/hostedtoolcache/Python/3.9.23/x64/lib/python3.9/site-packages/behave/matchers.py\", line 98, in run\n    self.func(context, *args, **kwargs)\n  File \"features/steps/step_definitions.py\", line 23, in user_fill_opt_in_form\n    page.supplement_funnel_buy_bottles(amount, funnel)\n  File \"/home/runner/work/automation-testing-framework/automation-testing-framework/pages/supplement_start_page.py\", line 34, in supplement_funnel_buy_bottles\n    self.context.page.locator(COUNTRY_FIELD).select_option('USA')\n  File \"/opt/hostedtoolcache/Python/3.9.23/x64/lib/python3.9/site-packages/playwright/sync_api/_generated.py\", line 16984, in select_option\n    self._sync(\n  File \"/opt/hostedtoolcache/Python/3.9.23/x64/lib/python3.9/site-packages/playwright/_impl/_sync_base.py\", line 115, in _sync\n    return task.result()\n  File \"/opt/hostedtoolcache/Python/3.9.23/x64/lib/python3.9/site-packages/playwright/_impl/_locator.py\", line 557, in select_option\n    return await self._frame.select_option(\n  File \"/opt/hostedtoolcache/Python/3.9.23/x64/lib/python3.9/site-packages/playwright/_impl/_frame.py\", line 679, in select_option\n    return await self._channel.send(\"selectOption\", params)\n  File \"/opt/hostedtoolcache/Python/3.9.23/x64/lib/python3.9/site-packages/playwright/_impl/_connection.py\", line 59, in send\n    return await self._connection.wrap_api_call(\n  File \"/opt/hostedtoolcache/Python/3.9.23/x64/lib/python3.9/site-packages/playwright/_impl/_connection.py\", line 514, in wrap_api_call\n    raise rewrite_error(error, f\"{parsed_st['apiName']}: {error}\") from None\n","steps":[],"attachments":[{"uid":"d8300a95e9056fd0","name":"screenshot","source":"d8300a95e9056fd0.png","type":"image/png","size":122739},{"uid":"ce3ae16134e6088d","name":"stdout","source":"ce3ae16134e6088d.txt","type":"text/plain","size":1382}],"parameters":[],"shouldDisplayMessage":true,"stepsCount":0,"attachmentsCount":2,"hasContent":true},{"name":"When user makes following decision in \"first\" supplement \"6 More bottles of Restore Detox\" Upsell page","time":{"start":1758875618860,"stop":1758875618860,"duration":0},"status":"skipped","steps":[],"attachments":[{"uid":"53833abf56aed500","name":".table","source":"53833abf56aed500.csv","type":"text/csv","size":25}],"parameters":[],"shouldDisplayMessage":false,"stepsCount":0,"attachmentsCount":1,"hasContent":true},{"name":"And user makes following decision in \"second\" supplement \"Restore Life\" Upsell page","time":{"start":1758875618860,"stop":1758875618860,"duration":0},"status":"skipped","steps":[],"attachments":[{"uid":"518573d6e229f170","name":".table","source":"518573d6e229f170.csv","type":"text/csv","size":25}],"parameters":[],"shouldDisplayMessage":false,"stepsCount":0,"attachmentsCount":1,"hasContent":true},{"name":"And user makes following decision in 7 day free membership","time":{"start":1758875618860,"stop":1758875618860,"duration":0},"status":"skipped","steps":[],"attachments":[{"uid":"d3de4a14e76d9f19","name":".table","source":"d3de4a14e76d9f19.csv","type":"text/csv","size":24}],"parameters":[],"shouldDisplayMessage":false,"stepsCount":0,"attachmentsCount":1,"hasContent":true},{"name":"Then user complete registration","time":{"start":1758875618860,"stop":1758875618860,"duration":0},"status":"skipped","steps":[],"attachments":[],"parameters":[],"shouldDisplayMessage":false,"stepsCount":0,"attachmentsCount":0,"hasContent":false}],"attachments":[{"uid":"de09cb6d7fac0ae6","name":"Test Video","source":"de09cb6d7fac0ae6.webm","type":"video/webm","size":158452}],"parameters":[],"shouldDisplayMessage":false,"stepsCount":5,"attachmentsCount":6,"hasContent":true},"afterStages":[],"labels":[{"name":"severity","value":"normal"},{"name":"tag","value":"nightly"},{"name":"tag","value":"nightly_supplement"},{"name":"feature","value":"Nightly tests"},{"name":"framework","value":"behave"},{"name":"language","value":"cpython3"},{"name":"resultFormat","value":"allure2"}],"parameters":[{"name":"bottles","value":"1"},{"name":"dt_last_chance","value":"no"},{"name":"dt_upgrade","value":"no"},{"name":"lf_last_chance","value":"no"},{"name":"lf_upgrade","value":"no"},{"name":"memb_decision","value":"decline"},{"name":"memb_plan","value":"no"}],"links":[],"hidden":false,"retry":false,"extra":{"severity":"normal","retries":[],"categories":[{"name":"Test defects","matchedStatuses":[],"flaky":false}],"history":{"statistic":{"failed":7,"broken":1,"skipped":0,"passed":13,"unknown":0,"total":21},"items":[{"uid":"6666bee93a924d5","reportUrl":"https://zoniadev.github.io/automation-testing-framework/352//#testresult/6666bee93a924d5","status":"passed","time":{"start":1758841610007,"stop":1758841653957,"duration":43950}},{"uid":"40b7f3367541bafe","reportUrl":"https://zoniadev.github.io/automation-testing-framework/513//#testresult/40b7f3367541bafe","status":"passed","time":{"start":1758781848318,"stop":1758781895020,"duration":46702}},{"uid":"bc3d8b8b486fa312","reportUrl":"https://zoniadev.github.io/automation-testing-framework/351//#testresult/bc3d8b8b486fa312","status":"failed","statusDetails":"AssertionError: Locator.scroll_into_view_if_needed: Timeout 30000ms exceeded.\nCall log:\nwaiting for locator(\"//button[@class='skip-login']\")\n\n","time":{"start":1758756171473,"stop":1758756235563,"duration":64090}},{"uid":"1d47d49b9f9ba5c6","reportUrl":"https://zoniadev.github.io/automation-testing-framework/350//#testresult/1d47d49b9f9ba5c6","status":"failed","statusDetails":"AssertionError: Locator.scroll_into_view_if_needed: Timeout 30000ms exceeded.\nCall log:\nwaiting for locator(\"//button[@class='skip-login']\")\n\n","time":{"start":1758669779326,"stop":1758669844257,"duration":64931}},{"uid":"9391b6aca651409e","reportUrl":"https://zoniadev.github.io/automation-testing-framework/349//#testresult/9391b6aca651409e","status":"failed","statusDetails":"AssertionError: Locator.scroll_into_view_if_needed: Timeout 30000ms exceeded.\nCall log:\nwaiting for locator(\"//button[@class='skip-login']\")\n\n","time":{"start":1758582839817,"stop":1758582910327,"duration":70510}},{"uid":"fd95cd0bcbd4298b","reportUrl":"https://zoniadev.github.io/automation-testing-framework/348//#testresult/fd95cd0bcbd4298b","status":"failed","statusDetails":"AssertionError: Locator.scroll_into_view_if_needed: Timeout 30000ms exceeded.\nCall log:\nwaiting for locator(\"//button[@class='skip-login']\")\n\n","time":{"start":1758496977676,"stop":1758497042147,"duration":64471}},{"uid":"ce4eec80c056fd61","reportUrl":"https://zoniadev.github.io/automation-testing-framework/347//#testresult/ce4eec80c056fd61","status":"failed","statusDetails":"AssertionError: Locator.scroll_into_view_if_needed: Timeout 30000ms exceeded.\nCall log:\nwaiting for locator(\"//button[@class='skip-login']\")\n\n","time":{"start":1758410423807,"stop":1758410488537,"duration":64730}},{"uid":"4bd890566d4e6f92","reportUrl":"https://zoniadev.github.io/automation-testing-framework/346//#testresult/4bd890566d4e6f92","status":"failed","statusDetails":"AssertionError: Locator.scroll_into_view_if_needed: Timeout 30000ms exceeded.\nCall log:\nwaiting for locator(\"//button[@class='skip-login']\")\n\n","time":{"start":1758324131620,"stop":1758324195154,"duration":63534}},{"uid":"d42d0e3f9d85f66f","reportUrl":"https://zoniadev.github.io/automation-testing-framework/345//#testresult/d42d0e3f9d85f66f","status":"failed","statusDetails":"AssertionError: Locator.scroll_into_view_if_needed: Timeout 30000ms exceeded.\nCall log:\nwaiting for locator(\"//button[@class='skip-login']\")\n\n","time":{"start":1758237867366,"stop":1758237932001,"duration":64635}},{"uid":"fd0af970502e0669","reportUrl":"https://zoniadev.github.io/automation-testing-framework/344//#testresult/fd0af970502e0669","status":"passed","time":{"start":1758150221802,"stop":1758150269238,"duration":47436}},{"uid":"d885d79dbf7c97e3","reportUrl":"https://zoniadev.github.io/automation-testing-framework/343//#testresult/d885d79dbf7c97e3","status":"passed","time":{"start":1758063949424,"stop":1758064006031,"duration":56607}},{"uid":"717d888fd0fca91d","reportUrl":"https://zoniadev.github.io/automation-testing-framework/342//#testresult/717d888fd0fca91d","status":"passed","time":{"start":1757977586799,"stop":1757977636710,"duration":49911}},{"uid":"b1f00bf8bd75231f","reportUrl":"https://zoniadev.github.io/automation-testing-framework/341//#testresult/b1f00bf8bd75231f","status":"passed","time":{"start":1757891152755,"stop":1757891209531,"duration":56776}},{"uid":"a8b966e205544bd3","reportUrl":"https://zoniadev.github.io/automation-testing-framework/340//#testresult/a8b966e205544bd3","status":"passed","time":{"start":1757804718188,"stop":1757804769030,"duration":50842}},{"uid":"aa114c71ef3b0dba","reportUrl":"https://zoniadev.github.io/automation-testing-framework/339//#testresult/aa114c71ef3b0dba","status":"passed","time":{"start":1757718377454,"stop":1757718436806,"duration":59352}},{"uid":"a55072077ba9f1cd","reportUrl":"https://zoniadev.github.io/automation-testing-framework/506//#testresult/a55072077ba9f1cd","status":"passed","time":{"start":1757665119306,"stop":1757665167277,"duration":47971}},{"uid":"3c111a2758c6d1dc","reportUrl":"https://zoniadev.github.io/automation-testing-framework/338//#testresult/3c111a2758c6d1dc","status":"passed","time":{"start":1757631833696,"stop":1757631882105,"duration":48409}},{"uid":"6e67e100becf66e","reportUrl":"https://zoniadev.github.io/automation-testing-framework/337//#testresult/6e67e100becf66e","status":"passed","time":{"start":1757545637012,"stop":1757545686414,"duration":49402}},{"uid":"38e74c0a911f7852","reportUrl":"https://zoniadev.github.io/automation-testing-framework/336//#testresult/38e74c0a911f7852","status":"passed","time":{"start":1757458905790,"stop":1757458953199,"duration":47409}},{"uid":"5b42aeff95e0a236","reportUrl":"https://zoniadev.github.io/automation-testing-framework/493//#testresult/5b42aeff95e0a236","status":"passed","time":{"start":1757431372446,"stop":1757431419597,"duration":47151}}]},"tags":["nightly","nightly_supplement"]},"source":"d7ed680bbcc5bf5.json","parameterValues":["1","no","no","no","no","decline","no"]}